<?xml version="1.0" encoding="UTF-8"?>
<!-- Generated by org.testng.reporters.JUnitReportReporter -->
<testsuite skipped="0" hostname="sdatta" name="secondpackage.MultiSession2" tests="1" failures="0" timestamp="29 Jun 2019 06:57:34 GMT" time="12.251" errors="0">
  <testcase name="multisession4" time="12.251" classname="secondpackage.MultiSession2"/>
</testsuite> <!-- secondpackage.MultiSession2 -->
