<?xml version="1.0" encoding="UTF-8"?>
<!-- Generated by org.testng.reporters.JUnitReportReporter -->
<testsuite skipped="0" hostname="sdatta" name="secondpackage.Testcases" tests="2" failures="0" timestamp="28 Jun 2019 13:28:47 GMT" time="0.031" errors="0">
  <testcase name="testtopass" time="0.016" classname="secondpackage.Testcases"/>
  <testcase name="testtofail" time="0.015" classname="secondpackage.Testcases"/>
</testsuite> <!-- secondpackage.Testcases -->
