<?xml version="1.0" encoding="UTF-8"?>
<!-- Generated by org.testng.reporters.JUnitReportReporter -->
<testsuite skipped="0" hostname="sdatta" name="secondpackage.tng1" tests="3" failures="0" timestamp="27 Jun 2019 17:02:52 GMT" time="0.016" errors="0">
  <testcase name="test2" time="0.000" classname="secondpackage.tng1"/>
  <testcase name="test9" time="0.000" classname="secondpackage.tng1"/>
  <testcase name="test1" time="0.016" classname="secondpackage.tng1"/>
</testsuite> <!-- secondpackage.tng1 -->
