<?xml version="1.0" encoding="UTF-8"?>
<!-- Generated by org.testng.reporters.JUnitReportReporter -->
<testsuite skipped="0" hostname="sdatta" name="secondpackage.tng2" tests="1" failures="0" timestamp="27 Jun 2019 16:57:06 GMT" time="0.000" errors="0">
  <testcase name="test9" time="0.000" classname="secondpackage.tng2"/>
</testsuite> <!-- secondpackage.tng2 -->
