<?xml version="1.0" encoding="UTF-8"?>
<!-- Generated by org.testng.reporters.JUnitReportReporter -->
<testsuite skipped="0" hostname="sdatta" name="secondpackage.DataProviderClass" tests="3" failures="0" timestamp="29 Jun 2019 14:37:20 GMT" time="0.013" errors="0">
  <testcase name="getValue" time="0.009" classname="secondpackage.DataProviderClass"/>
  <testcase name="getValue" time="0.002" classname="secondpackage.DataProviderClass"/>
  <testcase name="getValue" time="0.002" classname="secondpackage.DataProviderClass"/>
</testsuite> <!-- secondpackage.DataProviderClass -->
