<?xml version="1.0" encoding="UTF-8"?>
<!-- Generated by org.testng.reporters.JUnitReportReporter -->
<testsuite skipped="0" hostname="sdatta" name="secondpackage.TestGuru99MultipleSession" tests="3" failures="0" timestamp="29 Jun 2019 06:57:34 GMT" time="45.740" errors="0">
  <testcase name="bexecutSessionThree" time="16.135" classname="secondpackage.TestGuru99MultipleSession"/>
  <testcase name="executeSessionTwo" time="14.958" classname="secondpackage.TestGuru99MultipleSession"/>
  <testcase name="executSessionOne" time="14.647" classname="secondpackage.TestGuru99MultipleSession"/>
</testsuite> <!-- secondpackage.TestGuru99MultipleSession -->
