<?xml version="1.0" encoding="UTF-8"?>
<!-- Generated by org.testng.reporters.JUnitReportReporter -->
<testsuite skipped="0" hostname="sdatta" name="secondpackage.TestPara" tests="2" failures="0" timestamp="28 Jun 2019 13:18:48 GMT" time="0.031" errors="0">
  <testcase name="add" time="0.031" classname="secondpackage.TestPara"/>
  <testcase name="sub" time="0.000" classname="secondpackage.TestPara"/>
</testsuite> <!-- secondpackage.TestPara -->
