<?xml version="1.0" encoding="UTF-8"?>
<!-- Generated by org.testng.reporters.JUnitReportReporter -->
<testsuite skipped="0" hostname="sdatta" name="secondpackage.Class1" tests="4" failures="0" timestamp="06 Jul 2019 12:17:25 GMT" time="0.027" errors="0">
  <testcase name="B" time="0.011" classname="secondpackage.Class1"/>
  <testcase name="D" time="0.003" classname="secondpackage.Class1"/>
  <testcase name="A" time="0.011" classname="secondpackage.Class1"/>
  <testcase name="C" time="0.002" classname="secondpackage.Class1"/>
</testsuite> <!-- secondpackage.Class1 -->
